<?xml version="1.0" encoding="UTF-8"?>
<testng-results ignored="0" total="1" passed="1" failed="0" skipped="0">
  <reporter-output>
  </reporter-output>
  <suite started-at="2022-09-20T13:14:14 IST" name="Default suite" finished-at="2022-09-20T13:15:10 IST" duration-ms="55247">
    <groups>
    </groups>
    <test started-at="2022-09-20T13:14:14 IST" name="Default test" finished-at="2022-09-20T13:15:10 IST" duration-ms="55247">
      <class name="org.flipkart.addToCart.AddToCart">
        <test-method is-config="true" signature="suiteSetup()[pri:0, instance:org.flipkart.addToCart.AddToCart@3bd323e9]" started-at="2022-09-20T13:14:13 IST" name="suiteSetup" finished-at="2022-09-20T13:14:14 IST" duration-ms="1112" status="PASS">
          <reporter-output>
          </reporter-output>
        </test-method> <!-- suiteSetup -->
        <test-method is-config="true" signature="classSetup()[pri:0, instance:org.flipkart.addToCart.AddToCart@3bd323e9]" started-at="2022-09-20T13:14:14 IST" name="classSetup" finished-at="2022-09-20T13:14:54 IST" duration-ms="39362" status="PASS">
          <reporter-output>
          </reporter-output>
        </test-method> <!-- classSetup -->
        <test-method is-config="true" signature="methodSetup()[pri:0, instance:org.flipkart.addToCart.AddToCart@3bd323e9]" started-at="2022-09-20T13:14:54 IST" name="methodSetup" finished-at="2022-09-20T13:14:54 IST" duration-ms="559" status="PASS">
          <reporter-output>
          </reporter-output>
        </test-method> <!-- methodSetup -->
        <test-method signature="validateProduct()[pri:0, instance:org.flipkart.addToCart.AddToCart@3bd323e9]" started-at="2022-09-20T13:14:55 IST" name="validateProduct" finished-at="2022-09-20T13:15:09 IST" duration-ms="13670" status="PASS">
          <reporter-output>
          </reporter-output>
        </test-method> <!-- validateProduct -->
        <test-method is-config="true" signature="classTearDown()[pri:0, instance:org.flipkart.addToCart.AddToCart@3bd323e9]" started-at="2022-09-20T13:15:09 IST" name="classTearDown" finished-at="2022-09-20T13:15:10 IST" duration-ms="802" status="PASS">
          <reporter-output>
          </reporter-output>
        </test-method> <!-- classTearDown -->
      </class> <!-- org.flipkart.addToCart.AddToCart -->
    </test> <!-- Default test -->
  </suite> <!-- Default suite -->
</testng-results>
